<?xml version="1.0" encoding="UTF-8"?>
<!DOCTYPE coverage SYSTEM "http://cobertura.sourceforge.net/xml/coverage-04.dtd">
<coverage line-rate="0" branch-rate="0" version="" timestamp="1744697908000" lines-covered="0" lines-valid="279" branches-covered="0" branches-valid="0" complexity="0">
  <sources>
    <source>/home/runner/work/oasbinder/oasbinder</source>
  </sources>
  <packages>
    <package name="github.com/insightsengineering/oasbinder/cmd" line-rate="0" branch-rate="0" complexity="0">
      <classes>
        <class name="-" filename="cmd/root.go" line-rate="0" branch-rate="0" complexity="0">
          <methods>
            <method name="setLogLevel" signature="" line-rate="0" branch-rate="0" complexity="0">
              <lines>
                <line number="41" hits="0"></line>
                <line number="42" hits="0"></line>
                <line number="43" hits="0"></line>
                <line number="44" hits="0"></line>
                <line number="45" hits="0"></line>
                <line number="46" hits="0"></line>
                <line number="47" hits="0"></line>
                <line number="48" hits="0"></line>
                <line number="49" hits="0"></line>
                <line number="50" hits="0"></line>
                <line number="51" hits="0"></line>
                <line number="52" hits="0"></line>
                <line number="53" hits="0"></line>
                <line number="54" hits="0"></line>
                <line number="55" hits="0"></line>
                <line number="56" hits="0"></line>
                <line number="57" hits="0"></line>
                <line number="58" hits="0"></line>
                <line number="59" hits="0"></line>
                <line number="60" hits="0"></line>
                <line number="61" hits="0"></line>
              </lines>
            </method>
            <method name="newRootCommand" signature="" line-rate="0" branch-rate="0" complexity="0">
              <lines>
                <line number="67" hits="0"></line>
                <line number="68" hits="0"></line>
                <line number="69" hits="0"></line>
                <line number="70" hits="0"></line>
                <line number="71" hits="0"></line>
                <line number="72" hits="0"></line>
                <line number="73" hits="0"></line>
                <line number="74" hits="0"></line>
                <line number="75" hits="0"></line>
                <line number="76" hits="0"></line>
                <line number="77" hits="0"></line>
                <line number="78" hits="0"></line>
                <line number="79" hits="0"></line>
                <line number="80" hits="0"></line>
                <line number="81" hits="0"></line>
                <line number="82" hits="0"></line>
                <line number="83" hits="0"></line>
                <line number="84" hits="0"></line>
                <line number="85" hits="0"></line>
                <line number="86" hits="0"></line>
                <line number="87" hits="0"></line>
                <line number="88" hits="0"></line>
                <line number="89" hits="0"></line>
                <line number="91" hits="0"></line>
                <line number="92" hits="0"></line>
                <line number="93" hits="0"></line>
                <line number="94" hits="0"></line>
                <line number="95" hits="0"></line>
                <line number="96" hits="0"></line>
                <line number="97" hits="0"></line>
                <line number="98" hits="0"></line>
                <line number="99" hits="0"></line>
                <line number="100" hits="0"></line>
                <line number="101" hits="0"></line>
                <line number="102" hits="0"></line>
                <line number="103" hits="0"></line>
                <line number="104" hits="0"></line>
                <line number="105" hits="0"></line>
                <line number="106" hits="0"></line>
                <line number="107" hits="0"></line>
                <line number="108" hits="0"></line>
                <line number="109" hits="0"></line>
                <line number="110" hits="0"></line>
                <line number="111" hits="0"></line>
              </lines>
            </method>
            <method name="init" signature="" line-rate="0" branch-rate="0" complexity="0">
              <lines>
                <line number="114" hits="0"></line>
                <line number="115" hits="0"></line>
                <line number="116" hits="0"></line>
              </lines>
            </method>
            <method name="initConfig" signature="" line-rate="0" branch-rate="0" complexity="0">
              <lines>
                <line number="118" hits="0"></line>
                <line number="119" hits="0"></line>
                <line number="120" hits="0"></line>
                <line number="121" hits="0"></line>
                <line number="122" hits="0"></line>
                <line number="123" hits="0"></line>
                <line number="124" hits="0"></line>
                <line number="125" hits="0"></line>
                <line number="126" hits="0"></line>
                <line number="127" hits="0"></line>
                <line number="128" hits="0"></line>
                <line number="129" hits="0"></line>
                <line number="130" hits="0"></line>
                <line number="131" hits="0"></line>
                <line number="133" hits="0"></line>
                <line number="134" hits="0"></line>
                <line number="135" hits="0"></line>
                <line number="136" hits="0"></line>
                <line number="137" hits="0"></line>
                <line number="138" hits="0"></line>
                <line number="139" hits="0"></line>
                <line number="140" hits="0"></line>
              </lines>
            </method>
            <method name="Execute" signature="" line-rate="0" branch-rate="0" complexity="0">
              <lines>
                <line number="143" hits="0"></line>
                <line number="144" hits="0"></line>
                <line number="145" hits="0"></line>
                <line number="146" hits="0"></line>
                <line number="147" hits="0"></line>
              </lines>
            </method>
            <method name="initializeConfig" signature="" line-rate="0" branch-rate="0" complexity="0">
              <lines>
                <line number="150" hits="0"></line>
                <line number="151" hits="0"></line>
                <line number="152" hits="0"></line>
                <line number="153" hits="0"></line>
                <line number="154" hits="0"></line>
                <line number="155" hits="0"></line>
                <line number="156" hits="0"></line>
                <line number="157" hits="0"></line>
                <line number="158" hits="0"></line>
                <line number="159" hits="0"></line>
                <line number="160" hits="0"></line>
                <line number="161" hits="0"></line>
                <line number="162" hits="0"></line>
                <line number="166" hits="0"></line>
                <line number="167" hits="0"></line>
                <line number="168" hits="0"></line>
                <line number="169" hits="0"></line>
                <line number="170" hits="0"></line>
                <line number="171" hits="0"></line>
              </lines>
            </method>
          </methods>
          <lines>
            <line number="41" hits="0"></line>
            <line number="42" hits="0"></line>
            <line number="43" hits="0"></line>
            <line number="44" hits="0"></line>
            <line number="45" hits="0"></line>
            <line number="46" hits="0"></line>
            <line number="47" hits="0"></line>
            <line number="48" hits="0"></line>
            <line number="49" hits="0"></line>
            <line number="50" hits="0"></line>
            <line number="51" hits="0"></line>
            <line number="52" hits="0"></line>
            <line number="53" hits="0"></line>
            <line number="54" hits="0"></line>
            <line number="55" hits="0"></line>
            <line number="56" hits="0"></line>
            <line number="57" hits="0"></line>
            <line number="58" hits="0"></line>
            <line number="59" hits="0"></line>
            <line number="60" hits="0"></line>
            <line number="61" hits="0"></line>
            <line number="67" hits="0"></line>
            <line number="68" hits="0"></line>
            <line number="69" hits="0"></line>
            <line number="70" hits="0"></line>
            <line number="71" hits="0"></line>
            <line number="72" hits="0"></line>
            <line number="73" hits="0"></line>
            <line number="74" hits="0"></line>
            <line number="75" hits="0"></line>
            <line number="76" hits="0"></line>
            <line number="77" hits="0"></line>
            <line number="78" hits="0"></line>
            <line number="79" hits="0"></line>
            <line number="80" hits="0"></line>
            <line number="81" hits="0"></line>
            <line number="82" hits="0"></line>
            <line number="83" hits="0"></line>
            <line number="84" hits="0"></line>
            <line number="85" hits="0"></line>
            <line number="86" hits="0"></line>
            <line number="87" hits="0"></line>
            <line number="88" hits="0"></line>
            <line number="89" hits="0"></line>
            <line number="91" hits="0"></line>
            <line number="92" hits="0"></line>
            <line number="93" hits="0"></line>
            <line number="94" hits="0"></line>
            <line number="95" hits="0"></line>
            <line number="96" hits="0"></line>
            <line number="97" hits="0"></line>
            <line number="98" hits="0"></line>
            <line number="99" hits="0"></line>
            <line number="100" hits="0"></line>
            <line number="101" hits="0"></line>
            <line number="102" hits="0"></line>
            <line number="103" hits="0"></line>
            <line number="104" hits="0"></line>
            <line number="105" hits="0"></line>
            <line number="106" hits="0"></line>
            <line number="107" hits="0"></line>
            <line number="108" hits="0"></line>
            <line number="109" hits="0"></line>
            <line number="110" hits="0"></line>
            <line number="111" hits="0"></line>
            <line number="114" hits="0"></line>
            <line number="115" hits="0"></line>
            <line number="116" hits="0"></line>
            <line number="118" hits="0"></line>
            <line number="119" hits="0"></line>
            <line number="120" hits="0"></line>
            <line number="121" hits="0"></line>
            <line number="122" hits="0"></line>
            <line number="123" hits="0"></line>
            <line number="124" hits="0"></line>
            <line number="125" hits="0"></line>
            <line number="126" hits="0"></line>
            <line number="127" hits="0"></line>
            <line number="128" hits="0"></line>
            <line number="129" hits="0"></line>
            <line number="130" hits="0"></line>
            <line number="131" hits="0"></line>
            <line number="133" hits="0"></line>
            <line number="134" hits="0"></line>
            <line number="135" hits="0"></line>
            <line number="136" hits="0"></line>
            <line number="137" hits="0"></line>
            <line number="138" hits="0"></line>
            <line number="139" hits="0"></line>
            <line number="140" hits="0"></line>
            <line number="143" hits="0"></line>
            <line number="144" hits="0"></line>
            <line number="145" hits="0"></line>
            <line number="146" hits="0"></line>
            <line number="147" hits="0"></line>
            <line number="150" hits="0"></line>
            <line number="151" hits="0"></line>
            <line number="152" hits="0"></line>
            <line number="153" hits="0"></line>
            <line number="154" hits="0"></line>
            <line number="155" hits="0"></line>
            <line number="156" hits="0"></line>
            <line number="157" hits="0"></line>
            <line number="158" hits="0"></line>
            <line number="159" hits="0"></line>
            <line number="160" hits="0"></line>
            <line number="161" hits="0"></line>
            <line number="162" hits="0"></line>
            <line number="166" hits="0"></line>
            <line number="167" hits="0"></line>
            <line number="168" hits="0"></line>
            <line number="169" hits="0"></line>
            <line number="170" hits="0"></line>
            <line number="171" hits="0"></line>
          </lines>
        </class>
        <class name="-" filename="cmd/server.go" line-rate="0" branch-rate="0" complexity="0">
          <methods>
            <method name="GetOASSpec" signature="" line-rate="0" branch-rate="0" complexity="0">
              <lines>
                <line number="43" hits="0"></line>
                <line number="44" hits="0"></line>
                <line number="45" hits="0"></line>
                <line number="46" hits="0"></line>
                <line number="47" hits="0"></line>
                <line number="48" hits="0"></line>
                <line number="49" hits="0"></line>
                <line number="50" hits="0"></line>
                <line number="51" hits="0"></line>
                <line number="52" hits="0"></line>
                <line number="54" hits="0"></line>
                <line number="55" hits="0"></line>
                <line number="56" hits="0"></line>
                <line number="58" hits="0"></line>
                <line number="59" hits="0"></line>
                <line number="60" hits="0"></line>
                <line number="61" hits="0"></line>
                <line number="62" hits="0"></line>
                <line number="63" hits="0"></line>
                <line number="64" hits="0"></line>
                <line number="65" hits="0"></line>
                <line number="66" hits="0"></line>
                <line number="67" hits="0"></line>
                <line number="69" hits="0"></line>
                <line number="70" hits="0"></line>
                <line number="71" hits="0"></line>
                <line number="72" hits="0"></line>
                <line number="74" hits="0"></line>
                <line number="75" hits="0"></line>
                <line number="76" hits="0"></line>
                <line number="77" hits="0"></line>
                <line number="79" hits="0"></line>
              </lines>
            </method>
            <method name="GenerateHTML" signature="" line-rate="0" branch-rate="0" complexity="0">
              <lines>
                <line number="83" hits="0"></line>
                <line number="84" hits="0"></line>
                <line number="85" hits="0"></line>
                <line number="86" hits="0"></line>
                <line number="87" hits="0"></line>
                <line number="88" hits="0"></line>
                <line number="89" hits="0"></line>
                <line number="90" hits="0"></line>
                <line number="91" hits="0"></line>
                <line number="92" hits="0"></line>
                <line number="93" hits="0"></line>
                <line number="94" hits="0"></line>
                <line number="95" hits="0"></line>
                <line number="96" hits="0"></line>
                <line number="97" hits="0"></line>
                <line number="98" hits="0"></line>
                <line number="99" hits="0"></line>
                <line number="100" hits="0"></line>
                <line number="101" hits="0"></line>
                <line number="102" hits="0"></line>
                <line number="103" hits="0"></line>
                <line number="104" hits="0"></line>
                <line number="105" hits="0"></line>
                <line number="106" hits="0"></line>
                <line number="107" hits="0"></line>
                <line number="108" hits="0"></line>
                <line number="109" hits="0"></line>
                <line number="110" hits="0"></line>
                <line number="111" hits="0"></line>
                <line number="112" hits="0"></line>
                <line number="113" hits="0"></line>
                <line number="114" hits="0"></line>
                <line number="115" hits="0"></line>
                <line number="116" hits="0"></line>
                <line number="117" hits="0"></line>
                <line number="118" hits="0"></line>
                <line number="119" hits="0"></line>
                <line number="120" hits="0"></line>
                <line number="121" hits="0"></line>
                <line number="122" hits="0"></line>
                <line number="123" hits="0"></line>
                <line number="124" hits="0"></line>
                <line number="125" hits="0"></line>
                <line number="126" hits="0"></line>
                <line number="127" hits="0"></line>
                <line number="128" hits="0"></line>
                <line number="129" hits="0"></line>
                <line number="130" hits="0"></line>
                <line number="131" hits="0"></line>
                <line number="132" hits="0"></line>
                <line number="133" hits="0"></line>
                <line number="134" hits="0"></line>
                <line number="135" hits="0"></line>
                <line number="136" hits="0"></line>
                <line number="137" hits="0"></line>
                <line number="138" hits="0"></line>
                <line number="139" hits="0"></line>
                <line number="140" hits="0"></line>
                <line number="141" hits="0"></line>
                <line number="142" hits="0"></line>
                <line number="144" hits="0"></line>
                <line number="145" hits="0"></line>
                <line number="146" hits="0"></line>
                <line number="147" hits="0"></line>
                <line number="148" hits="0"></line>
                <line number="150" hits="0"></line>
              </lines>
            </method>
            <method name="handler" signature="" line-rate="0" branch-rate="0" complexity="0">
              <lines>
                <line number="153" hits="0"></line>
                <line number="154" hits="0"></line>
                <line number="155" hits="0"></line>
                <line number="156" hits="0"></line>
                <line number="157" hits="0"></line>
                <line number="158" hits="0"></line>
                <line number="159" hits="0"></line>
                <line number="160" hits="0"></line>
                <line number="161" hits="0"></line>
                <line number="162" hits="0"></line>
                <line number="163" hits="0"></line>
                <line number="164" hits="0"></line>
                <line number="165" hits="0"></line>
                <line number="166" hits="0"></line>
                <line number="167" hits="0"></line>
                <line number="168" hits="0"></line>
                <line number="169" hits="0"></line>
                <line number="170" hits="0"></line>
                <line number="171" hits="0"></line>
                <line number="172" hits="0"></line>
                <line number="173" hits="0"></line>
                <line number="174" hits="0"></line>
                <line number="175" hits="0"></line>
                <line number="177" hits="0"></line>
                <line number="178" hits="0"></line>
                <line number="179" hits="0"></line>
                <line number="181" hits="0"></line>
                <line number="182" hits="0"></line>
                <line number="183" hits="0"></line>
                <line number="184" hits="0"></line>
                <line number="185" hits="0"></line>
                <line number="188" hits="0"></line>
                <line number="189" hits="0"></line>
                <line number="190" hits="0"></line>
                <line number="191" hits="0"></line>
                <line number="192" hits="0"></line>
                <line number="194" hits="0"></line>
                <line number="195" hits="0"></line>
                <line number="196" hits="0"></line>
                <line number="197" hits="0"></line>
                <line number="198" hits="0"></line>
                <line number="199" hits="0"></line>
                <line number="201" hits="0"></line>
                <line number="202" hits="0"></line>
                <line number="203" hits="0"></line>
                <line number="204" hits="0"></line>
              </lines>
            </method>
            <method name="serve" signature="" line-rate="0" branch-rate="0" complexity="0">
              <lines>
                <line number="207" hits="0"></line>
                <line number="208" hits="0"></line>
                <line number="209" hits="0"></line>
                <line number="210" hits="0"></line>
                <line number="211" hits="0"></line>
                <line number="212" hits="0"></line>
                <line number="213" hits="0"></line>
                <line number="214" hits="0"></line>
                <line number="215" hits="0"></line>
                <line number="216" hits="0"></line>
                <line number="217" hits="0"></line>
                <line number="218" hits="0"></line>
                <line number="219" hits="0"></line>
                <line number="220" hits="0"></line>
              </lines>
            </method>
          </methods>
          <lines>
            <line number="43" hits="0"></line>
            <line number="44" hits="0"></line>
            <line number="45" hits="0"></line>
            <line number="46" hits="0"></line>
            <line number="47" hits="0"></line>
            <line number="48" hits="0"></line>
            <line number="49" hits="0"></line>
            <line number="50" hits="0"></line>
            <line number="51" hits="0"></line>
            <line number="52" hits="0"></line>
            <line number="54" hits="0"></line>
            <line number="55" hits="0"></line>
            <line number="56" hits="0"></line>
            <line number="58" hits="0"></line>
            <line number="59" hits="0"></line>
            <line number="60" hits="0"></line>
            <line number="61" hits="0"></line>
            <line number="62" hits="0"></line>
            <line number="63" hits="0"></line>
            <line number="64" hits="0"></line>
            <line number="65" hits="0"></line>
            <line number="66" hits="0"></line>
            <line number="67" hits="0"></line>
            <line number="69" hits="0"></line>
            <line number="70" hits="0"></line>
            <line number="71" hits="0"></line>
            <line number="72" hits="0"></line>
            <line number="74" hits="0"></line>
            <line number="75" hits="0"></line>
            <line number="76" hits="0"></line>
            <line number="77" hits="0"></line>
            <line number="79" hits="0"></line>
            <line number="83" hits="0"></line>
            <line number="84" hits="0"></line>
            <line number="85" hits="0"></line>
            <line number="86" hits="0"></line>
            <line number="87" hits="0"></line>
            <line number="88" hits="0"></line>
            <line number="89" hits="0"></line>
            <line number="90" hits="0"></line>
            <line number="91" hits="0"></line>
            <line number="92" hits="0"></line>
            <line number="93" hits="0"></line>
            <line number="94" hits="0"></line>
            <line number="95" hits="0"></line>
            <line number="96" hits="0"></line>
            <line number="97" hits="0"></line>
            <line number="98" hits="0"></line>
            <line number="99" hits="0"></line>
            <line number="100" hits="0"></line>
            <line number="101" hits="0"></line>
            <line number="102" hits="0"></line>
            <line number="103" hits="0"></line>
            <line number="104" hits="0"></line>
            <line number="105" hits="0"></line>
            <line number="106" hits="0"></line>
            <line number="107" hits="0"></line>
            <line number="108" hits="0"></line>
            <line number="109" hits="0"></line>
            <line number="110" hits="0"></line>
            <line number="111" hits="0"></line>
            <line number="112" hits="0"></line>
            <line number="113" hits="0"></line>
            <line number="114" hits="0"></line>
            <line number="115" hits="0"></line>
            <line number="116" hits="0"></line>
            <line number="117" hits="0"></line>
            <line number="118" hits="0"></line>
            <line number="119" hits="0"></line>
            <line number="120" hits="0"></line>
            <line number="121" hits="0"></line>
            <line number="122" hits="0"></line>
            <line number="123" hits="0"></line>
            <line number="124" hits="0"></line>
            <line number="125" hits="0"></line>
            <line number="126" hits="0"></line>
            <line number="127" hits="0"></line>
            <line number="128" hits="0"></line>
            <line number="129" hits="0"></line>
            <line number="130" hits="0"></line>
            <line number="131" hits="0"></line>
            <line number="132" hits="0"></line>
            <line number="133" hits="0"></line>
            <line number="134" hits="0"></line>
            <line number="135" hits="0"></line>
            <line number="136" hits="0"></line>
            <line number="137" hits="0"></line>
            <line number="138" hits="0"></line>
            <line number="139" hits="0"></line>
            <line number="140" hits="0"></line>
            <line number="141" hits="0"></line>
            <line number="142" hits="0"></line>
            <line number="144" hits="0"></line>
            <line number="145" hits="0"></line>
            <line number="146" hits="0"></line>
            <line number="147" hits="0"></line>
            <line number="148" hits="0"></line>
            <line number="150" hits="0"></line>
            <line number="153" hits="0"></line>
            <line number="154" hits="0"></line>
            <line number="155" hits="0"></line>
            <line number="156" hits="0"></line>
            <line number="157" hits="0"></line>
            <line number="158" hits="0"></line>
            <line number="159" hits="0"></line>
            <line number="160" hits="0"></line>
            <line number="161" hits="0"></line>
            <line number="162" hits="0"></line>
            <line number="163" hits="0"></line>
            <line number="164" hits="0"></line>
            <line number="165" hits="0"></line>
            <line number="166" hits="0"></line>
            <line number="167" hits="0"></line>
            <line number="168" hits="0"></line>
            <line number="169" hits="0"></line>
            <line number="170" hits="0"></line>
            <line number="171" hits="0"></line>
            <line number="172" hits="0"></line>
            <line number="173" hits="0"></line>
            <line number="174" hits="0"></line>
            <line number="175" hits="0"></line>
            <line number="177" hits="0"></line>
            <line number="178" hits="0"></line>
            <line number="179" hits="0"></line>
            <line number="181" hits="0"></line>
            <line number="182" hits="0"></line>
            <line number="183" hits="0"></line>
            <line number="184" hits="0"></line>
            <line number="185" hits="0"></line>
            <line number="188" hits="0"></line>
            <line number="189" hits="0"></line>
            <line number="190" hits="0"></line>
            <line number="191" hits="0"></line>
            <line number="192" hits="0"></line>
            <line number="194" hits="0"></line>
            <line number="195" hits="0"></line>
            <line number="196" hits="0"></line>
            <line number="197" hits="0"></line>
            <line number="198" hits="0"></line>
            <line number="199" hits="0"></line>
            <line number="201" hits="0"></line>
            <line number="202" hits="0"></line>
            <line number="203" hits="0"></line>
            <line number="204" hits="0"></line>
            <line number="207" hits="0"></line>
            <line number="208" hits="0"></line>
            <line number="209" hits="0"></line>
            <line number="210" hits="0"></line>
            <line number="211" hits="0"></line>
            <line number="212" hits="0"></line>
            <line number="213" hits="0"></line>
            <line number="214" hits="0"></line>
            <line number="215" hits="0"></line>
            <line number="216" hits="0"></line>
            <line number="217" hits="0"></line>
            <line number="218" hits="0"></line>
            <line number="219" hits="0"></line>
            <line number="220" hits="0"></line>
          </lines>
        </class>
        <class name="-" filename="cmd/utils.go" line-rate="0" branch-rate="0" complexity="0">
          <methods>
            <method name="checkError" signature="" line-rate="0" branch-rate="0" complexity="0">
              <lines>
                <line number="18" hits="0"></line>
                <line number="19" hits="0"></line>
                <line number="20" hits="0"></line>
                <line number="21" hits="0"></line>
              </lines>
            </method>
          </methods>
          <lines>
            <line number="18" hits="0"></line>
            <line number="19" hits="0"></line>
            <line number="20" hits="0"></line>
            <line number="21" hits="0"></line>
          </lines>
        </class>
      </classes>
    </package>
    <package name="github.com/insightsengineering/oasbinder" line-rate="0" branch-rate="0" complexity="0">
      <classes>
        <class name="-" filename="main.go" line-rate="0" branch-rate="0" complexity="0">
          <methods>
            <method name="main" signature="" line-rate="0" branch-rate="0" complexity="0">
              <lines>
                <line number="5" hits="0"></line>
                <line number="6" hits="0"></line>
                <line number="7" hits="0"></line>
              </lines>
            </method>
          </methods>
          <lines>
            <line number="5" hits="0"></line>
            <line number="6" hits="0"></line>
            <line number="7" hits="0"></line>
          </lines>
        </class>
      </classes>
    </package>
  </packages>
</coverage>
